<?xml version="1.0" encoding="UTF-8"?>
<testng-results skipped="0" failed="0" ignored="0" total="3" passed="3">
  <reporter-output>
  </reporter-output>
  <suite name="Default suite" duration-ms="34534" started-at="2018-10-04T11:14:55Z" finished-at="2018-10-04T11:15:29Z">
    <groups>
    </groups>
    <test name="Default test" duration-ms="34534" started-at="2018-10-04T11:14:55Z" finished-at="2018-10-04T11:15:29Z">
      <class name="com.qa.com.testcases.LoginPageTest">
        <test-method status="PASS" signature="setUp()[pri:0, instance:com.qa.com.testcases.LoginPageTest@204f30ec]" name="setUp" is-config="true" duration-ms="8557" started-at="2018-10-04T11:14:55Z" finished-at="2018-10-04T11:15:03Z">
          <reporter-output>
          </reporter-output>
        </test-method> <!-- setUp -->
        <test-method status="PASS" signature="LoginPageTitleTest()[pri:1, instance:com.qa.com.testcases.LoginPageTest@204f30ec]" name="LoginPageTitleTest" duration-ms="24" started-at="2018-10-04T11:15:03Z" finished-at="2018-10-04T11:15:03Z">
          <reporter-output>
          </reporter-output>
        </test-method> <!-- LoginPageTitleTest -->
        <test-method status="PASS" signature="teardown()[pri:0, instance:com.qa.com.testcases.LoginPageTest@204f30ec]" name="teardown" is-config="true" duration-ms="713" started-at="2018-10-04T11:15:03Z" finished-at="2018-10-04T11:15:04Z">
          <reporter-output>
          </reporter-output>
        </test-method> <!-- teardown -->
        <test-method status="PASS" signature="setUp()[pri:0, instance:com.qa.com.testcases.LoginPageTest@204f30ec]" name="setUp" is-config="true" duration-ms="7589" started-at="2018-10-04T11:15:04Z" finished-at="2018-10-04T11:15:12Z">
          <reporter-output>
          </reporter-output>
        </test-method> <!-- setUp -->
        <test-method status="PASS" signature="logoTest()[pri:2, instance:com.qa.com.testcases.LoginPageTest@204f30ec]" name="logoTest" duration-ms="65" started-at="2018-10-04T11:15:12Z" finished-at="2018-10-04T11:15:12Z">
          <reporter-output>
          </reporter-output>
        </test-method> <!-- logoTest -->
        <test-method status="PASS" signature="teardown()[pri:0, instance:com.qa.com.testcases.LoginPageTest@204f30ec]" name="teardown" is-config="true" duration-ms="675" started-at="2018-10-04T11:15:12Z" finished-at="2018-10-04T11:15:12Z">
          <reporter-output>
          </reporter-output>
        </test-method> <!-- teardown -->
        <test-method status="PASS" signature="setUp()[pri:0, instance:com.qa.com.testcases.LoginPageTest@204f30ec]" name="setUp" is-config="true" duration-ms="7847" started-at="2018-10-04T11:15:12Z" finished-at="2018-10-04T11:15:20Z">
          <reporter-output>
          </reporter-output>
        </test-method> <!-- setUp -->
        <test-method status="PASS" signature="loginTest()[pri:3, instance:com.qa.com.testcases.LoginPageTest@204f30ec]" name="loginTest" duration-ms="8317" started-at="2018-10-04T11:15:20Z" finished-at="2018-10-04T11:15:29Z">
          <reporter-output>
          </reporter-output>
        </test-method> <!-- loginTest -->
        <test-method status="PASS" signature="teardown()[pri:0, instance:com.qa.com.testcases.LoginPageTest@204f30ec]" name="teardown" is-config="true" duration-ms="697" started-at="2018-10-04T11:15:29Z" finished-at="2018-10-04T11:15:29Z">
          <reporter-output>
          </reporter-output>
        </test-method> <!-- teardown -->
      </class> <!-- com.qa.com.testcases.LoginPageTest -->
    </test> <!-- Default test -->
  </suite> <!-- Default suite -->
</testng-results>
