<?xml version="1.0" encoding="UTF-8"?>
<!-- Generated by org.testng.reporters.JUnitXMLReporter -->
<testsuite hostname="Prerna-Kumar" ignored="0" name="Default test" tests="3" failures="0" timestamp="04 Oct 2018 11:15:29 GMT" time="34.534" errors="0">
  <testcase name="LoginPageTitleTest" time="0.024" classname="com.qa.com.testcases.LoginPageTest"/>
  <testcase name="logoTest" time="0.065" classname="com.qa.com.testcases.LoginPageTest"/>
  <testcase name="loginTest" time="8.317" classname="com.qa.com.testcases.LoginPageTest"/>
</testsuite> <!-- Default test -->
